🚀 Fix Zone Backend Server is running on port 3001
📊 API Base URL: http://localhost:3001/api
🏥 Health Check: http://localhost:3001/health
Error fetching low stock items: Error: Unknown column 'ii.type' in 'field list'
    at PromisePool.query (/opt/lampp/htdocs/FixZone/backend/node_modules/mysql2/lib/promise/pool.js:36:22)
    at /opt/lampp/htdocs/FixZone/backend/routes/stockLevels.js:29:29
    at Layer.handle [as handle_request] (/opt/lampp/htdocs/FixZone/backend/node_modules/express/lib/router/layer.js:95:5)
    at next (/opt/lampp/htdocs/FixZone/backend/node_modules/express/lib/router/route.js:149:13)
    at Route.dispatch (/opt/lampp/htdocs/FixZone/backend/node_modules/express/lib/router/route.js:119:3)
    at Layer.handle [as handle_request] (/opt/lampp/htdocs/FixZone/backend/node_modules/express/lib/router/layer.js:95:5)
    at /opt/lampp/htdocs/FixZone/backend/node_modules/express/lib/router/index.js:284:15
    at Function.process_params (/opt/lampp/htdocs/FixZone/backend/node_modules/express/lib/router/index.js:346:12)
    at next (/opt/lampp/htdocs/FixZone/backend/node_modules/express/lib/router/index.js:280:10)
    at Function.handle (/opt/lampp/htdocs/FixZone/backend/node_modules/express/lib/router/index.js:175:3) {
  code: 'ER_BAD_FIELD_ERROR',
  errno: 1054,
  sql: '\n' +
    '      SELECT\n' +
    '        sl.id AS stockLevelId,\n' +
    '        ii.id AS inventoryItemId,\n' +
    '        ii.sku,\n' +
    '        ii.name,\n' +
    '        ii.type,\n' +
    '        sl.quantity,\n' +
    '        sl.minLevel,\n' +
    '        sl.isLowStock,\n' +
    '        w.id AS warehouseId,\n' +
    '        w.name AS warehouseName,\n' +
    '        (sl.quantity <= COALESCE(sl.minLevel, 0) OR sl.isLowStock = 1) AS isLow\n' +
    '      FROM StockLevel sl\n' +
    '      INNER JOIN InventoryItem ii ON ii.id = sl.inventoryItemId\n' +
    '      INNER JOIN Warehouse w ON w.id = sl.warehouseId\n' +
    '      WHERE (sl.quantity <= COALESCE(sl.minLevel, 0) OR sl.isLowStock = 1)\n' +
    '    ',
  sqlState: '42S22',
  sqlMessage: "Unknown column 'ii.type' in 'field list'"
}
Total payments in database: 0
Total payments in database: 0
Error fetching low stock items: Error: Unknown column 'ii.type' in 'field list'
    at PromisePool.query (/opt/lampp/htdocs/FixZone/backend/node_modules/mysql2/lib/promise/pool.js:36:22)
    at /opt/lampp/htdocs/FixZone/backend/routes/stockLevels.js:29:29
    at Layer.handle [as handle_request] (/opt/lampp/htdocs/FixZone/backend/node_modules/express/lib/router/layer.js:95:5)
    at next (/opt/lampp/htdocs/FixZone/backend/node_modules/express/lib/router/route.js:149:13)
    at Route.dispatch (/opt/lampp/htdocs/FixZone/backend/node_modules/express/lib/router/route.js:119:3)
    at Layer.handle [as handle_request] (/opt/lampp/htdocs/FixZone/backend/node_modules/express/lib/router/layer.js:95:5)
    at /opt/lampp/htdocs/FixZone/backend/node_modules/express/lib/router/index.js:284:15
    at Function.process_params (/opt/lampp/htdocs/FixZone/backend/node_modules/express/lib/router/index.js:346:12)
    at next (/opt/lampp/htdocs/FixZone/backend/node_modules/express/lib/router/index.js:280:10)
    at Function.handle (/opt/lampp/htdocs/FixZone/backend/node_modules/express/lib/router/index.js:175:3) {
  code: 'ER_BAD_FIELD_ERROR',
  errno: 1054,
  sql: '\n' +
    '      SELECT\n' +
    '        sl.id AS stockLevelId,\n' +
    '        ii.id AS inventoryItemId,\n' +
    '        ii.sku,\n' +
    '        ii.name,\n' +
    '        ii.type,\n' +
    '        sl.quantity,\n' +
    '        sl.minLevel,\n' +
    '        sl.isLowStock,\n' +
    '        w.id AS warehouseId,\n' +
    '        w.name AS warehouseName,\n' +
    '        (sl.quantity <= COALESCE(sl.minLevel, 0) OR sl.isLowStock = 1) AS isLow\n' +
    '      FROM StockLevel sl\n' +
    '      INNER JOIN InventoryItem ii ON ii.id = sl.inventoryItemId\n' +
    '      INNER JOIN Warehouse w ON w.id = sl.warehouseId\n' +
    '      WHERE (sl.quantity <= COALESCE(sl.minLevel, 0) OR sl.isLowStock = 1)\n' +
    '    ',
  sqlState: '42S22',
  sqlMessage: "Unknown column 'ii.type' in 'field list'"
}
Total payments in database: 0
Error fetching variables: Error: Unknown column 'code' in 'where clause'
    at PromisePool.query (/opt/lampp/htdocs/FixZone/backend/node_modules/mysql2/lib/promise/pool.js:36:22)
    at /opt/lampp/htdocs/FixZone/backend/routes/variables.js:14:32
    at Layer.handle [as handle_request] (/opt/lampp/htdocs/FixZone/backend/node_modules/express/lib/router/layer.js:95:5)
    at next (/opt/lampp/htdocs/FixZone/backend/node_modules/express/lib/router/route.js:149:13)
    at Route.dispatch (/opt/lampp/htdocs/FixZone/backend/node_modules/express/lib/router/route.js:119:3)
    at Layer.handle [as handle_request] (/opt/lampp/htdocs/FixZone/backend/node_modules/express/lib/router/layer.js:95:5)
    at /opt/lampp/htdocs/FixZone/backend/node_modules/express/lib/router/index.js:284:15
    at Function.process_params (/opt/lampp/htdocs/FixZone/backend/node_modules/express/lib/router/index.js:346:12)
    at next (/opt/lampp/htdocs/FixZone/backend/node_modules/express/lib/router/index.js:280:10)
    at Function.handle (/opt/lampp/htdocs/FixZone/backend/node_modules/express/lib/router/index.js:175:3) {
  code: 'ER_BAD_FIELD_ERROR',
  errno: 1054,
  sql: "SELECT id FROM VariableCategory WHERE code = 'ACCESSORY' AND (deletedAt IS NULL)",
  sqlState: '42S22',
  sqlMessage: "Unknown column 'code' in 'where clause'"
}
Total payments in database: 0
Error fetching variables: Error: Unknown column 'code' in 'where clause'
    at PromisePool.query (/opt/lampp/htdocs/FixZone/backend/node_modules/mysql2/lib/promise/pool.js:36:22)
    at /opt/lampp/htdocs/FixZone/backend/routes/variables.js:14:32
    at Layer.handle [as handle_request] (/opt/lampp/htdocs/FixZone/backend/node_modules/express/lib/router/layer.js:95:5)
    at next (/opt/lampp/htdocs/FixZone/backend/node_modules/express/lib/router/route.js:149:13)
    at Route.dispatch (/opt/lampp/htdocs/FixZone/backend/node_modules/express/lib/router/route.js:119:3)
    at Layer.handle [as handle_request] (/opt/lampp/htdocs/FixZone/backend/node_modules/express/lib/router/layer.js:95:5)
    at /opt/lampp/htdocs/FixZone/backend/node_modules/express/lib/router/index.js:284:15
    at Function.process_params (/opt/lampp/htdocs/FixZone/backend/node_modules/express/lib/router/index.js:346:12)
    at next (/opt/lampp/htdocs/FixZone/backend/node_modules/express/lib/router/index.js:280:10)
    at Function.handle (/opt/lampp/htdocs/FixZone/backend/node_modules/express/lib/router/index.js:175:3) {
  code: 'ER_BAD_FIELD_ERROR',
  errno: 1054,
  sql: "SELECT id FROM VariableCategory WHERE code = 'ACCESSORY' AND (deletedAt IS NULL)",
  sqlState: '42S22',
  sqlMessage: "Unknown column 'code' in 'where clause'"
}
Total payments in database: 0
Error fetching low stock items: Error: Unknown column 'ii.type' in 'field list'
    at PromisePool.query (/opt/lampp/htdocs/FixZone/backend/node_modules/mysql2/lib/promise/pool.js:36:22)
    at /opt/lampp/htdocs/FixZone/backend/routes/stockLevels.js:29:29
    at Layer.handle [as handle_request] (/opt/lampp/htdocs/FixZone/backend/node_modules/express/lib/router/layer.js:95:5)
    at next (/opt/lampp/htdocs/FixZone/backend/node_modules/express/lib/router/route.js:149:13)
    at Route.dispatch (/opt/lampp/htdocs/FixZone/backend/node_modules/express/lib/router/route.js:119:3)
    at Layer.handle [as handle_request] (/opt/lampp/htdocs/FixZone/backend/node_modules/express/lib/router/layer.js:95:5)
    at /opt/lampp/htdocs/FixZone/backend/node_modules/express/lib/router/index.js:284:15
    at Function.process_params (/opt/lampp/htdocs/FixZone/backend/node_modules/express/lib/router/index.js:346:12)
    at next (/opt/lampp/htdocs/FixZone/backend/node_modules/express/lib/router/index.js:280:10)
    at Function.handle (/opt/lampp/htdocs/FixZone/backend/node_modules/express/lib/router/index.js:175:3) {
  code: 'ER_BAD_FIELD_ERROR',
  errno: 1054,
  sql: '\n' +
    '      SELECT\n' +
    '        sl.id AS stockLevelId,\n' +
    '        ii.id AS inventoryItemId,\n' +
    '        ii.sku,\n' +
    '        ii.name,\n' +
    '        ii.type,\n' +
    '        sl.quantity,\n' +
    '        sl.minLevel,\n' +
    '        sl.isLowStock,\n' +
    '        w.id AS warehouseId,\n' +
    '        w.name AS warehouseName,\n' +
    '        (sl.quantity <= COALESCE(sl.minLevel, 0) OR sl.isLowStock = 1) AS isLow\n' +
    '      FROM StockLevel sl\n' +
    '      INNER JOIN InventoryItem ii ON ii.id = sl.inventoryItemId\n' +
    '      INNER JOIN Warehouse w ON w.id = sl.warehouseId\n' +
    '      WHERE (sl.quantity <= COALESCE(sl.minLevel, 0) OR sl.isLowStock = 1)\n' +
    '    ',
  sqlState: '42S22',
  sqlMessage: "Unknown column 'ii.type' in 'field list'"
}
Total payments in database: 0
Error fetching low stock items: Error: Unknown column 'ii.type' in 'field list'
    at PromisePool.query (/opt/lampp/htdocs/FixZone/backend/node_modules/mysql2/lib/promise/pool.js:36:22)
    at /opt/lampp/htdocs/FixZone/backend/routes/stockLevels.js:29:29
    at Layer.handle [as handle_request] (/opt/lampp/htdocs/FixZone/backend/node_modules/express/lib/router/layer.js:95:5)
    at next (/opt/lampp/htdocs/FixZone/backend/node_modules/express/lib/router/route.js:149:13)
    at Route.dispatch (/opt/lampp/htdocs/FixZone/backend/node_modules/express/lib/router/route.js:119:3)
    at Layer.handle [as handle_request] (/opt/lampp/htdocs/FixZone/backend/node_modules/express/lib/router/layer.js:95:5)
    at /opt/lampp/htdocs/FixZone/backend/node_modules/express/lib/router/index.js:284:15
    at Function.process_params (/opt/lampp/htdocs/FixZone/backend/node_modules/express/lib/router/index.js:346:12)
    at next (/opt/lampp/htdocs/FixZone/backend/node_modules/express/lib/router/index.js:280:10)
    at Function.handle (/opt/lampp/htdocs/FixZone/backend/node_modules/express/lib/router/index.js:175:3) {
  code: 'ER_BAD_FIELD_ERROR',
  errno: 1054,
  sql: '\n' +
    '      SELECT\n' +
    '        sl.id AS stockLevelId,\n' +
    '        ii.id AS inventoryItemId,\n' +
    '        ii.sku,\n' +
    '        ii.name,\n' +
    '        ii.type,\n' +
    '        sl.quantity,\n' +
    '        sl.minLevel,\n' +
    '        sl.isLowStock,\n' +
    '        w.id AS warehouseId,\n' +
    '        w.name AS warehouseName,\n' +
    '        (sl.quantity <= COALESCE(sl.minLevel, 0) OR sl.isLowStock = 1) AS isLow\n' +
    '      FROM StockLevel sl\n' +
    '      INNER JOIN InventoryItem ii ON ii.id = sl.inventoryItemId\n' +
    '      INNER JOIN Warehouse w ON w.id = sl.warehouseId\n' +
    '      WHERE (sl.quantity <= COALESCE(sl.minLevel, 0) OR sl.isLowStock = 1)\n' +
    '    ',
  sqlState: '42S22',
  sqlMessage: "Unknown column 'ii.type' in 'field list'"
}
Error fetching variables: Error: Unknown column 'code' in 'where clause'
    at PromisePool.query (/opt/lampp/htdocs/FixZone/backend/node_modules/mysql2/lib/promise/pool.js:36:22)
    at /opt/lampp/htdocs/FixZone/backend/routes/variables.js:14:32
    at Layer.handle [as handle_request] (/opt/lampp/htdocs/FixZone/backend/node_modules/express/lib/router/layer.js:95:5)
    at next (/opt/lampp/htdocs/FixZone/backend/node_modules/express/lib/router/route.js:149:13)
    at Route.dispatch (/opt/lampp/htdocs/FixZone/backend/node_modules/express/lib/router/route.js:119:3)
    at Layer.handle [as handle_request] (/opt/lampp/htdocs/FixZone/backend/node_modules/express/lib/router/layer.js:95:5)
    at /opt/lampp/htdocs/FixZone/backend/node_modules/express/lib/router/index.js:284:15
    at Function.process_params (/opt/lampp/htdocs/FixZone/backend/node_modules/express/lib/router/index.js:346:12)
    at next (/opt/lampp/htdocs/FixZone/backend/node_modules/express/lib/router/index.js:280:10)
    at Function.handle (/opt/lampp/htdocs/FixZone/backend/node_modules/express/lib/router/index.js:175:3) {
  code: 'ER_BAD_FIELD_ERROR',
  errno: 1054,
  sql: "SELECT id FROM VariableCategory WHERE code = 'BRAND' AND (deletedAt IS NULL)",
  sqlState: '42S22',
  sqlMessage: "Unknown column 'code' in 'where clause'"
}
Error fetching variables: Error: Unknown column 'code' in 'where clause'
    at PromisePool.query (/opt/lampp/htdocs/FixZone/backend/node_modules/mysql2/lib/promise/pool.js:36:22)
    at /opt/lampp/htdocs/FixZone/backend/routes/variables.js:14:32
    at Layer.handle [as handle_request] (/opt/lampp/htdocs/FixZone/backend/node_modules/express/lib/router/layer.js:95:5)
    at next (/opt/lampp/htdocs/FixZone/backend/node_modules/express/lib/router/route.js:149:13)
    at Route.dispatch (/opt/lampp/htdocs/FixZone/backend/node_modules/express/lib/router/route.js:119:3)
    at Layer.handle [as handle_request] (/opt/lampp/htdocs/FixZone/backend/node_modules/express/lib/router/layer.js:95:5)
    at /opt/lampp/htdocs/FixZone/backend/node_modules/express/lib/router/index.js:284:15
    at Function.process_params (/opt/lampp/htdocs/FixZone/backend/node_modules/express/lib/router/index.js:346:12)
    at next (/opt/lampp/htdocs/FixZone/backend/node_modules/express/lib/router/index.js:280:10)
    at Function.handle (/opt/lampp/htdocs/FixZone/backend/node_modules/express/lib/router/index.js:175:3) {
  code: 'ER_BAD_FIELD_ERROR',
  errno: 1054,
  sql: "SELECT id FROM VariableCategory WHERE code = 'BRAND' AND (deletedAt IS NULL)",
  sqlState: '42S22',
  sqlMessage: "Unknown column 'code' in 'where clause'"
}
Error fetching variables: Error: Unknown column 'code' in 'where clause'
    at PromisePool.query (/opt/lampp/htdocs/FixZone/backend/node_modules/mysql2/lib/promise/pool.js:36:22)
    at /opt/lampp/htdocs/FixZone/backend/routes/variables.js:14:32
    at Layer.handle [as handle_request] (/opt/lampp/htdocs/FixZone/backend/node_modules/express/lib/router/layer.js:95:5)
    at next (/opt/lampp/htdocs/FixZone/backend/node_modules/express/lib/router/route.js:149:13)
    at Route.dispatch (/opt/lampp/htdocs/FixZone/backend/node_modules/express/lib/router/route.js:119:3)
    at Layer.handle [as handle_request] (/opt/lampp/htdocs/FixZone/backend/node_modules/express/lib/router/layer.js:95:5)
    at /opt/lampp/htdocs/FixZone/backend/node_modules/express/lib/router/index.js:284:15
    at Function.process_params (/opt/lampp/htdocs/FixZone/backend/node_modules/express/lib/router/index.js:346:12)
    at next (/opt/lampp/htdocs/FixZone/backend/node_modules/express/lib/router/index.js:280:10)
    at Function.handle (/opt/lampp/htdocs/FixZone/backend/node_modules/express/lib/router/index.js:175:3) {
  code: 'ER_BAD_FIELD_ERROR',
  errno: 1054,
  sql: "SELECT id FROM VariableCategory WHERE code = 'ACCESSORY' AND (deletedAt IS NULL)",
  sqlState: '42S22',
  sqlMessage: "Unknown column 'code' in 'where clause'"
}
Error fetching variables: Error: Unknown column 'code' in 'where clause'
    at PromisePool.query (/opt/lampp/htdocs/FixZone/backend/node_modules/mysql2/lib/promise/pool.js:36:22)
    at /opt/lampp/htdocs/FixZone/backend/routes/variables.js:14:32
    at Layer.handle [as handle_request] (/opt/lampp/htdocs/FixZone/backend/node_modules/express/lib/router/layer.js:95:5)
    at next (/opt/lampp/htdocs/FixZone/backend/node_modules/express/lib/router/route.js:149:13)
    at Route.dispatch (/opt/lampp/htdocs/FixZone/backend/node_modules/express/lib/router/route.js:119:3)
    at Layer.handle [as handle_request] (/opt/lampp/htdocs/FixZone/backend/node_modules/express/lib/router/layer.js:95:5)
    at /opt/lampp/htdocs/FixZone/backend/node_modules/express/lib/router/index.js:284:15
    at Function.process_params (/opt/lampp/htdocs/FixZone/backend/node_modules/express/lib/router/index.js:346:12)
    at next (/opt/lampp/htdocs/FixZone/backend/node_modules/express/lib/router/index.js:280:10)
    at Function.handle (/opt/lampp/htdocs/FixZone/backend/node_modules/express/lib/router/index.js:175:3) {
  code: 'ER_BAD_FIELD_ERROR',
  errno: 1054,
  sql: "SELECT id FROM VariableCategory WHERE code = 'ACCESSORY' AND (deletedAt IS NULL)",
  sqlState: '42S22',
  sqlMessage: "Unknown column 'code' in 'where clause'"
}
Error fetching variables: Error: Unknown column 'code' in 'where clause'
    at PromisePool.query (/opt/lampp/htdocs/FixZone/backend/node_modules/mysql2/lib/promise/pool.js:36:22)
    at /opt/lampp/htdocs/FixZone/backend/routes/variables.js:14:32
    at Layer.handle [as handle_request] (/opt/lampp/htdocs/FixZone/backend/node_modules/express/lib/router/layer.js:95:5)
    at next (/opt/lampp/htdocs/FixZone/backend/node_modules/express/lib/router/route.js:149:13)
    at Route.dispatch (/opt/lampp/htdocs/FixZone/backend/node_modules/express/lib/router/route.js:119:3)
    at Layer.handle [as handle_request] (/opt/lampp/htdocs/FixZone/backend/node_modules/express/lib/router/layer.js:95:5)
    at /opt/lampp/htdocs/FixZone/backend/node_modules/express/lib/router/index.js:284:15
    at Function.process_params (/opt/lampp/htdocs/FixZone/backend/node_modules/express/lib/router/index.js:346:12)
    at next (/opt/lampp/htdocs/FixZone/backend/node_modules/express/lib/router/index.js:280:10)
    at Function.handle (/opt/lampp/htdocs/FixZone/backend/node_modules/express/lib/router/index.js:175:3) {
  code: 'ER_BAD_FIELD_ERROR',
  errno: 1054,
  sql: "SELECT id FROM VariableCategory WHERE code = 'DEVICE_TYPE' AND (deletedAt IS NULL)",
  sqlState: '42S22',
  sqlMessage: "Unknown column 'code' in 'where clause'"
}
Error fetching variables: Error: Unknown column 'code' in 'where clause'
    at PromisePool.query (/opt/lampp/htdocs/FixZone/backend/node_modules/mysql2/lib/promise/pool.js:36:22)
    at /opt/lampp/htdocs/FixZone/backend/routes/variables.js:14:32
    at Layer.handle [as handle_request] (/opt/lampp/htdocs/FixZone/backend/node_modules/express/lib/router/layer.js:95:5)
    at next (/opt/lampp/htdocs/FixZone/backend/node_modules/express/lib/router/route.js:149:13)
    at Route.dispatch (/opt/lampp/htdocs/FixZone/backend/node_modules/express/lib/router/route.js:119:3)
    at Layer.handle [as handle_request] (/opt/lampp/htdocs/FixZone/backend/node_modules/express/lib/router/layer.js:95:5)
    at /opt/lampp/htdocs/FixZone/backend/node_modules/express/lib/router/index.js:284:15
    at Function.process_params (/opt/lampp/htdocs/FixZone/backend/node_modules/express/lib/router/index.js:346:12)
    at next (/opt/lampp/htdocs/FixZone/backend/node_modules/express/lib/router/index.js:280:10)
    at Function.handle (/opt/lampp/htdocs/FixZone/backend/node_modules/express/lib/router/index.js:175:3) {
  code: 'ER_BAD_FIELD_ERROR',
  errno: 1054,
  sql: "SELECT id FROM VariableCategory WHERE code = 'DEVICE_TYPE' AND (deletedAt IS NULL)",
  sqlState: '42S22',
  sqlMessage: "Unknown column 'code' in 'where clause'"
}
Error getting stock counts: Error: Unknown column 'sci.deletedAt' in 'on clause'
    at PromisePool.execute (/opt/lampp/htdocs/FixZone/backend/node_modules/mysql2/lib/promise/pool.js:54:22)
    at getStockCounts (/opt/lampp/htdocs/FixZone/backend/controllers/stockCountController.js:106:38)
    at Layer.handle [as handle_request] (/opt/lampp/htdocs/FixZone/backend/node_modules/express/lib/router/layer.js:95:5)
    at next (/opt/lampp/htdocs/FixZone/backend/node_modules/express/lib/router/route.js:149:13)
    at Route.dispatch (/opt/lampp/htdocs/FixZone/backend/node_modules/express/lib/router/route.js:119:3)
    at Layer.handle [as handle_request] (/opt/lampp/htdocs/FixZone/backend/node_modules/express/lib/router/layer.js:95:5)
    at /opt/lampp/htdocs/FixZone/backend/node_modules/express/lib/router/index.js:284:15
    at Function.process_params (/opt/lampp/htdocs/FixZone/backend/node_modules/express/lib/router/index.js:346:12)
    at next (/opt/lampp/htdocs/FixZone/backend/node_modules/express/lib/router/index.js:280:10)
    at Function.handle (/opt/lampp/htdocs/FixZone/backend/node_modules/express/lib/router/index.js:175:3) {
  code: 'ER_BAD_FIELD_ERROR',
  errno: 1054,
  sql: 'SELECT \n' +
    '          sc.*,\n' +
    '          w.name as warehouseName,\n' +
    '          COUNT(sci.id) as itemsCount\n' +
    '        FROM StockCount sc\n' +
    '        LEFT JOIN Warehouse w ON sc.warehouseId = w.id\n' +
    '        LEFT JOIN StockCountItem sci ON sc.id = sci.stockCountId AND sci.deletedAt IS NULL\n' +
    '        WHERE 1=1\n' +
    '        GROUP BY sc.id\n' +
    '        ORDER BY sc.createdAt DESC\n' +
    '        LIMIT ? OFFSET ?',
  sqlState: '42S22',
  sqlMessage: "Unknown column 'sci.deletedAt' in 'on clause'"
}
Error getting stock counts: Error: Unknown column 'sci.deletedAt' in 'on clause'
    at PromisePool.execute (/opt/lampp/htdocs/FixZone/backend/node_modules/mysql2/lib/promise/pool.js:54:22)
    at getStockCounts (/opt/lampp/htdocs/FixZone/backend/controllers/stockCountController.js:106:38)
    at Layer.handle [as handle_request] (/opt/lampp/htdocs/FixZone/backend/node_modules/express/lib/router/layer.js:95:5)
    at next (/opt/lampp/htdocs/FixZone/backend/node_modules/express/lib/router/route.js:149:13)
    at Route.dispatch (/opt/lampp/htdocs/FixZone/backend/node_modules/express/lib/router/route.js:119:3)
    at Layer.handle [as handle_request] (/opt/lampp/htdocs/FixZone/backend/node_modules/express/lib/router/layer.js:95:5)
    at /opt/lampp/htdocs/FixZone/backend/node_modules/express/lib/router/index.js:284:15
    at Function.process_params (/opt/lampp/htdocs/FixZone/backend/node_modules/express/lib/router/index.js:346:12)
    at next (/opt/lampp/htdocs/FixZone/backend/node_modules/express/lib/router/index.js:280:10)
    at Function.handle (/opt/lampp/htdocs/FixZone/backend/node_modules/express/lib/router/index.js:175:3) {
  code: 'ER_BAD_FIELD_ERROR',
  errno: 1054,
  sql: 'SELECT \n' +
    '          sc.*,\n' +
    '          w.name as warehouseName,\n' +
    '          COUNT(sci.id) as itemsCount\n' +
    '        FROM StockCount sc\n' +
    '        LEFT JOIN Warehouse w ON sc.warehouseId = w.id\n' +
    '        LEFT JOIN StockCountItem sci ON sc.id = sci.stockCountId AND sci.deletedAt IS NULL\n' +
    '        WHERE 1=1\n' +
    '        GROUP BY sc.id\n' +
    '        ORDER BY sc.createdAt DESC\n' +
    '        LIMIT ? OFFSET ?',
  sqlState: '42S22',
  sqlMessage: "Unknown column 'sci.deletedAt' in 'on clause'"
}
Error getting stock counts: Error: Unknown column 'sci.deletedAt' in 'on clause'
    at PromisePool.execute (/opt/lampp/htdocs/FixZone/backend/node_modules/mysql2/lib/promise/pool.js:54:22)
    at getStockCounts (/opt/lampp/htdocs/FixZone/backend/controllers/stockCountController.js:106:38)
    at Layer.handle [as handle_request] (/opt/lampp/htdocs/FixZone/backend/node_modules/express/lib/router/layer.js:95:5)
    at next (/opt/lampp/htdocs/FixZone/backend/node_modules/express/lib/router/route.js:149:13)
    at Route.dispatch (/opt/lampp/htdocs/FixZone/backend/node_modules/express/lib/router/route.js:119:3)
    at Layer.handle [as handle_request] (/opt/lampp/htdocs/FixZone/backend/node_modules/express/lib/router/layer.js:95:5)
    at /opt/lampp/htdocs/FixZone/backend/node_modules/express/lib/router/index.js:284:15
    at Function.process_params (/opt/lampp/htdocs/FixZone/backend/node_modules/express/lib/router/index.js:346:12)
    at next (/opt/lampp/htdocs/FixZone/backend/node_modules/express/lib/router/index.js:280:10)
    at Function.handle (/opt/lampp/htdocs/FixZone/backend/node_modules/express/lib/router/index.js:175:3) {
  code: 'ER_BAD_FIELD_ERROR',
  errno: 1054,
  sql: 'SELECT \n' +
    '          sc.*,\n' +
    '          w.name as warehouseName,\n' +
    '          COUNT(sci.id) as itemsCount\n' +
    '        FROM StockCount sc\n' +
    '        LEFT JOIN Warehouse w ON sc.warehouseId = w.id\n' +
    '        LEFT JOIN StockCountItem sci ON sc.id = sci.stockCountId AND sci.deletedAt IS NULL\n' +
    '        WHERE 1=1\n' +
    '        GROUP BY sc.id\n' +
    '        ORDER BY sc.createdAt DESC\n' +
    '        LIMIT ? OFFSET ?',
  sqlState: '42S22',
  sqlMessage: "Unknown column 'sci.deletedAt' in 'on clause'"
}
Error getting stock counts: Error: Unknown column 'sci.deletedAt' in 'on clause'
    at PromisePool.execute (/opt/lampp/htdocs/FixZone/backend/node_modules/mysql2/lib/promise/pool.js:54:22)
    at getStockCounts (/opt/lampp/htdocs/FixZone/backend/controllers/stockCountController.js:106:38)
    at Layer.handle [as handle_request] (/opt/lampp/htdocs/FixZone/backend/node_modules/express/lib/router/layer.js:95:5)
    at next (/opt/lampp/htdocs/FixZone/backend/node_modules/express/lib/router/route.js:149:13)
    at Route.dispatch (/opt/lampp/htdocs/FixZone/backend/node_modules/express/lib/router/route.js:119:3)
    at Layer.handle [as handle_request] (/opt/lampp/htdocs/FixZone/backend/node_modules/express/lib/router/layer.js:95:5)
    at /opt/lampp/htdocs/FixZone/backend/node_modules/express/lib/router/index.js:284:15
    at Function.process_params (/opt/lampp/htdocs/FixZone/backend/node_modules/express/lib/router/index.js:346:12)
    at next (/opt/lampp/htdocs/FixZone/backend/node_modules/express/lib/router/index.js:280:10)
    at Function.handle (/opt/lampp/htdocs/FixZone/backend/node_modules/express/lib/router/index.js:175:3) {
  code: 'ER_BAD_FIELD_ERROR',
  errno: 1054,
  sql: 'SELECT \n' +
    '          sc.*,\n' +
    '          w.name as warehouseName,\n' +
    '          COUNT(sci.id) as itemsCount\n' +
    '        FROM StockCount sc\n' +
    '        LEFT JOIN Warehouse w ON sc.warehouseId = w.id\n' +
    '        LEFT JOIN StockCountItem sci ON sc.id = sci.stockCountId AND sci.deletedAt IS NULL\n' +
    '        WHERE 1=1\n' +
    '        GROUP BY sc.id\n' +
    '        ORDER BY sc.createdAt DESC\n' +
    '        LIMIT ? OFFSET ?',
  sqlState: '42S22',
  sqlMessage: "Unknown column 'sci.deletedAt' in 'on clause'"
}
Error getting stock counts: Error: Unknown column 'sci.deletedAt' in 'on clause'
    at PromisePool.execute (/opt/lampp/htdocs/FixZone/backend/node_modules/mysql2/lib/promise/pool.js:54:22)
    at getStockCounts (/opt/lampp/htdocs/FixZone/backend/controllers/stockCountController.js:106:38)
    at Layer.handle [as handle_request] (/opt/lampp/htdocs/FixZone/backend/node_modules/express/lib/router/layer.js:95:5)
    at next (/opt/lampp/htdocs/FixZone/backend/node_modules/express/lib/router/route.js:149:13)
    at Route.dispatch (/opt/lampp/htdocs/FixZone/backend/node_modules/express/lib/router/route.js:119:3)
    at Layer.handle [as handle_request] (/opt/lampp/htdocs/FixZone/backend/node_modules/express/lib/router/layer.js:95:5)
    at /opt/lampp/htdocs/FixZone/backend/node_modules/express/lib/router/index.js:284:15
    at Function.process_params (/opt/lampp/htdocs/FixZone/backend/node_modules/express/lib/router/index.js:346:12)
    at next (/opt/lampp/htdocs/FixZone/backend/node_modules/express/lib/router/index.js:280:10)
    at Function.handle (/opt/lampp/htdocs/FixZone/backend/node_modules/express/lib/router/index.js:175:3) {
  code: 'ER_BAD_FIELD_ERROR',
  errno: 1054,
  sql: 'SELECT \n' +
    '          sc.*,\n' +
    '          w.name as warehouseName,\n' +
    '          COUNT(sci.id) as itemsCount\n' +
    '        FROM StockCount sc\n' +
    '        LEFT JOIN Warehouse w ON sc.warehouseId = w.id\n' +
    '        LEFT JOIN StockCountItem sci ON sc.id = sci.stockCountId AND sci.deletedAt IS NULL\n' +
    '        WHERE 1=1\n' +
    '        GROUP BY sc.id\n' +
    '        ORDER BY sc.createdAt DESC\n' +
    '        LIMIT ? OFFSET ?',
  sqlState: '42S22',
  sqlMessage: "Unknown column 'sci.deletedAt' in 'on clause'"
}
Error getting stock counts: Error: Unknown column 'sci.deletedAt' in 'on clause'
    at PromisePool.execute (/opt/lampp/htdocs/FixZone/backend/node_modules/mysql2/lib/promise/pool.js:54:22)
    at getStockCounts (/opt/lampp/htdocs/FixZone/backend/controllers/stockCountController.js:106:38)
    at Layer.handle [as handle_request] (/opt/lampp/htdocs/FixZone/backend/node_modules/express/lib/router/layer.js:95:5)
    at next (/opt/lampp/htdocs/FixZone/backend/node_modules/express/lib/router/route.js:149:13)
    at Route.dispatch (/opt/lampp/htdocs/FixZone/backend/node_modules/express/lib/router/route.js:119:3)
    at Layer.handle [as handle_request] (/opt/lampp/htdocs/FixZone/backend/node_modules/express/lib/router/layer.js:95:5)
    at /opt/lampp/htdocs/FixZone/backend/node_modules/express/lib/router/index.js:284:15
    at Function.process_params (/opt/lampp/htdocs/FixZone/backend/node_modules/express/lib/router/index.js:346:12)
    at next (/opt/lampp/htdocs/FixZone/backend/node_modules/express/lib/router/index.js:280:10)
    at Function.handle (/opt/lampp/htdocs/FixZone/backend/node_modules/express/lib/router/index.js:175:3) {
  code: 'ER_BAD_FIELD_ERROR',
  errno: 1054,
  sql: 'SELECT \n' +
    '          sc.*,\n' +
    '          w.name as warehouseName,\n' +
    '          COUNT(sci.id) as itemsCount\n' +
    '        FROM StockCount sc\n' +
    '        LEFT JOIN Warehouse w ON sc.warehouseId = w.id\n' +
    '        LEFT JOIN StockCountItem sci ON sc.id = sci.stockCountId AND sci.deletedAt IS NULL\n' +
    '        WHERE 1=1\n' +
    '        GROUP BY sc.id\n' +
    '        ORDER BY sc.createdAt DESC\n' +
    '        LIMIT ? OFFSET ?',
  sqlState: '42S22',
  sqlMessage: "Unknown column 'sci.deletedAt' in 'on clause'"
}
Error getting stock counts: Error: Unknown column 'sci.deletedAt' in 'on clause'
    at PromisePool.execute (/opt/lampp/htdocs/FixZone/backend/node_modules/mysql2/lib/promise/pool.js:54:22)
    at getStockCounts (/opt/lampp/htdocs/FixZone/backend/controllers/stockCountController.js:106:38)
    at Layer.handle [as handle_request] (/opt/lampp/htdocs/FixZone/backend/node_modules/express/lib/router/layer.js:95:5)
    at next (/opt/lampp/htdocs/FixZone/backend/node_modules/express/lib/router/route.js:149:13)
    at Route.dispatch (/opt/lampp/htdocs/FixZone/backend/node_modules/express/lib/router/route.js:119:3)
    at Layer.handle [as handle_request] (/opt/lampp/htdocs/FixZone/backend/node_modules/express/lib/router/layer.js:95:5)
    at /opt/lampp/htdocs/FixZone/backend/node_modules/express/lib/router/index.js:284:15
    at Function.process_params (/opt/lampp/htdocs/FixZone/backend/node_modules/express/lib/router/index.js:346:12)
    at next (/opt/lampp/htdocs/FixZone/backend/node_modules/express/lib/router/index.js:280:10)
    at Function.handle (/opt/lampp/htdocs/FixZone/backend/node_modules/express/lib/router/index.js:175:3) {
  code: 'ER_BAD_FIELD_ERROR',
  errno: 1054,
  sql: 'SELECT \n' +
    '          sc.*,\n' +
    '          w.name as warehouseName,\n' +
    '          COUNT(sci.id) as itemsCount\n' +
    '        FROM StockCount sc\n' +
    '        LEFT JOIN Warehouse w ON sc.warehouseId = w.id\n' +
    '        LEFT JOIN StockCountItem sci ON sc.id = sci.stockCountId AND sci.deletedAt IS NULL\n' +
    '        WHERE 1=1\n' +
    '        GROUP BY sc.id\n' +
    '        ORDER BY sc.createdAt DESC\n' +
    '        LIMIT ? OFFSET ?',
  sqlState: '42S22',
  sqlMessage: "Unknown column 'sci.deletedAt' in 'on clause'"
}
Error getting stock counts: Error: Unknown column 'sci.deletedAt' in 'on clause'
    at PromisePool.execute (/opt/lampp/htdocs/FixZone/backend/node_modules/mysql2/lib/promise/pool.js:54:22)
    at getStockCounts (/opt/lampp/htdocs/FixZone/backend/controllers/stockCountController.js:106:38)
    at Layer.handle [as handle_request] (/opt/lampp/htdocs/FixZone/backend/node_modules/express/lib/router/layer.js:95:5)
    at next (/opt/lampp/htdocs/FixZone/backend/node_modules/express/lib/router/route.js:149:13)
    at Route.dispatch (/opt/lampp/htdocs/FixZone/backend/node_modules/express/lib/router/route.js:119:3)
    at Layer.handle [as handle_request] (/opt/lampp/htdocs/FixZone/backend/node_modules/express/lib/router/layer.js:95:5)
    at /opt/lampp/htdocs/FixZone/backend/node_modules/express/lib/router/index.js:284:15
    at Function.process_params (/opt/lampp/htdocs/FixZone/backend/node_modules/express/lib/router/index.js:346:12)
    at next (/opt/lampp/htdocs/FixZone/backend/node_modules/express/lib/router/index.js:280:10)
    at Function.handle (/opt/lampp/htdocs/FixZone/backend/node_modules/express/lib/router/index.js:175:3) {
  code: 'ER_BAD_FIELD_ERROR',
  errno: 1054,
  sql: 'SELECT \n' +
    '          sc.*,\n' +
    '          w.name as warehouseName,\n' +
    '          COUNT(sci.id) as itemsCount\n' +
    '        FROM StockCount sc\n' +
    '        LEFT JOIN Warehouse w ON sc.warehouseId = w.id\n' +
    '        LEFT JOIN StockCountItem sci ON sc.id = sci.stockCountId AND sci.deletedAt IS NULL\n' +
    '        WHERE 1=1\n' +
    '        GROUP BY sc.id\n' +
    '        ORDER BY sc.createdAt DESC\n' +
    '        LIMIT ? OFFSET ?',
  sqlState: '42S22',
  sqlMessage: "Unknown column 'sci.deletedAt' in 'on clause'"
}
Error getting stock counts: Error: Unknown column 'sci.deletedAt' in 'on clause'
    at PromisePool.execute (/opt/lampp/htdocs/FixZone/backend/node_modules/mysql2/lib/promise/pool.js:54:22)
    at getStockCounts (/opt/lampp/htdocs/FixZone/backend/controllers/stockCountController.js:106:38)
    at Layer.handle [as handle_request] (/opt/lampp/htdocs/FixZone/backend/node_modules/express/lib/router/layer.js:95:5)
    at next (/opt/lampp/htdocs/FixZone/backend/node_modules/express/lib/router/route.js:149:13)
    at Route.dispatch (/opt/lampp/htdocs/FixZone/backend/node_modules/express/lib/router/route.js:119:3)
    at Layer.handle [as handle_request] (/opt/lampp/htdocs/FixZone/backend/node_modules/express/lib/router/layer.js:95:5)
    at /opt/lampp/htdocs/FixZone/backend/node_modules/express/lib/router/index.js:284:15
    at Function.process_params (/opt/lampp/htdocs/FixZone/backend/node_modules/express/lib/router/index.js:346:12)
    at next (/opt/lampp/htdocs/FixZone/backend/node_modules/express/lib/router/index.js:280:10)
    at Function.handle (/opt/lampp/htdocs/FixZone/backend/node_modules/express/lib/router/index.js:175:3) {
  code: 'ER_BAD_FIELD_ERROR',
  errno: 1054,
  sql: 'SELECT \n' +
    '          sc.*,\n' +
    '          w.name as warehouseName,\n' +
    '          COUNT(sci.id) as itemsCount\n' +
    '        FROM StockCount sc\n' +
    '        LEFT JOIN Warehouse w ON sc.warehouseId = w.id\n' +
    '        LEFT JOIN StockCountItem sci ON sc.id = sci.stockCountId AND sci.deletedAt IS NULL\n' +
    '        WHERE 1=1\n' +
    '        GROUP BY sc.id\n' +
    '        ORDER BY sc.createdAt DESC\n' +
    '        LIMIT ? OFFSET ?',
  sqlState: '42S22',
  sqlMessage: "Unknown column 'sci.deletedAt' in 'on clause'"
}
